outputs/logs/manifest-merger-debug-report.txt
-- Merging decision tree log ---
manifest
ADDED from src\main\AndroidManifest.xml:2:1-56:12
INJECTED from src\main\AndroidManifest.xml:2:1-56:12
INJECTED from src\main\AndroidManifest.xml:2:1-56:12
INJECTED from src\main\AndroidManifest.xml:2:1-56:12
MERGED from [com.google.android.material:material:1.1.0] AndroidManifest.xml:17:1-24:12
MERGED from [androidx.appcompat:appcompat:1.1.0] AndroidManifest.xml:17:1-24:12
MERGED from [androidx.constraintlayout:constraintlayout:1.1.3] AndroidManifest.xml:2:1-11:12
MERGED from [androidx.legacy:legacy-support-v4:1.0.0] AndroidManifest.xml:17:1-22:12
MERGED from [androidx.navigation:navigation-fragment:2.3.0] AndroidManifest.xml:17:1-24:12
MERGED from [androidx.lifecycle:lifecycle-extensions:2.2.0] AndroidManifest.xml:17:1-27:12
MERGED from [androidx.cardview:cardview:1.0.0] AndroidManifest.xml:17:1-22:12
MERGED from [com.google.firebase:firebase-analytics:17.4.4] AndroidManifest.xml:2:1-9:12
MERGED from [com.google.firebase:firebase-auth:19.3.2] AndroidManifest.xml:17:1-42:12
MERGED from [com.google.firebase:firebase-database:19.3.1] AndroidManifest.xml:15:1-38:12
MERGED from [com.google.android.gms:play-services-location:17.0.0] AndroidManifest.xml:2:1-9:12
MERGED from [androidx.appcompat:appcompat-resources:1.1.0] AndroidManifest.xml:17:1-24:12
MERGED from [androidx.legacy:legacy-support-core-ui:1.0.0] AndroidManifest.xml:17:1-22:12
MERGED from [androidx.drawerlayout:drawerlayout:1.0.0] AndroidManifest.xml:17:1-22:12
MERGED from [androidx.media:media:1.0.0] AndroidManifest.xml:17:1-22:12
MERGED from [com.google.android.gms:play-services-measurement:17.4.4] AndroidManifest.xml:17:1-46:12
MERGED from [com.google.android.gms:play-services-measurement-api:17.4.4] AndroidManifest.xml:17:1-36:12
MERGED from [com.google.android.gms:play-services-measurement-sdk:17.4.4] AndroidManifest.xml:17:1-25:12
MERGED from [com.google.android.gms:play-services-measurement-impl:17.4.4] AndroidManifest.xml:17:1-31:12
MERGED from [com.google.android.gms:play-services-stats:17.0.0] AndroidManifest.xml:2:1-9:12
MERGED from [androidx.legacy:legacy-support-core-utils:1.0.0] AndroidManifest.xml:17:1-22:12
MERGED from [androidx.coordinatorlayout:coordinatorlayout:1.1.0] AndroidManifest.xml:17:1-24:12
MERGED from [androidx.transition:transition:1.2.0] AndroidManifest.xml:17:1-24:12
MERGED from [androidx.vectordrawable:vectordrawable-animated:1.1.0] AndroidManifest.xml:17:1-24:12
MERGED from [androidx.vectordrawable:vectordrawable:1.1.0] AndroidManifest.xml:17:1-24:12
MERGED from [androidx.viewpager2:viewpager2:1.0.0] AndroidManifest.xml:17:1-24:12
MERGED from [com.google.firebase:firebase-auth-interop:19.0.0] AndroidManifest.xml:2:1-10:12
MERGED from [com.google.firebase:firebase-database-collection:17.0.1] AndroidManifest.xml:2:1-9:12
MERGED from [com.google.android.gms:play-services-base:17.1.0] AndroidManifest.xml:17:1-29:12
MERGED from [com.google.firebase:firebase-installations:16.3.2] AndroidManifest.xml:2:1-23:12
MERGED from [com.google.firebase:firebase-common:19.3.0] AndroidManifest.xml:15:1-39:12
MERGED from [com.google.firebase:firebase-installations-interop:16.0.0] AndroidManifest.xml:15:1-23:12
MERGED from [com.google.android.gms:play-services-tasks:17.0.0] AndroidManifest.xml:2:1-9:12
MERGED from [com.google.android.gms:play-services-places-placereport:17.0.0] AndroidManifest.xml:17:1-24:12
MERGED from [com.google.android.gms:play-services-measurement-sdk-api:17.4.4] AndroidManifest.xml:17:1-27:12
MERGED from [com.google.android.gms:play-services-measurement-base:17.4.4] AndroidManifest.xml:2:1-9:12
MERGED from [com.google.android.gms:play-services-ads-identifier:17.0.0] AndroidManifest.xml:17:1-24:12
MERGED from [com.google.firebase:firebase-measurement-connector:18.0.0] AndroidManifest.xml:17:1-25:12
MERGED from [com.google.android.gms:play-services-basement:17.0.0] AndroidManifest.xml:17:1-28:12
MERGED from [androidx.fragment:fragment:1.2.4] AndroidManifest.xml:17:1-24:12
MERGED from [androidx.viewpager:viewpager:1.0.0] AndroidManifest.xml:17:1-22:12
MERGED from [androidx.slidingpanelayout:slidingpanelayout:1.0.0] AndroidManifest.xml:17:1-22:12
MERGED from [androidx.recyclerview:recyclerview:1.1.0] AndroidManifest.xml:17:1-24:12
MERGED from [androidx.customview:customview:1.0.0] AndroidManifest.xml:17:1-22:12
MERGED from [androidx.loader:loader:1.0.0] AndroidManifest.xml:17:1-22:12
MERGED from [androidx.swiperefreshlayout:swiperefreshlayout:1.0.0] AndroidManifest.xml:17:1-22:12
MERGED from [androidx.asynclayoutinflater:asynclayoutinflater:1.0.0] AndroidManifest.xml:17:1-22:12
MERGED from [androidx.navigation:navigation-runtime:2.3.0] AndroidManifest.xml:17:1-24:12
MERGED from [androidx.activity:activity:1.1.0] AndroidManifest.xml:17:1-24:12
MERGED from [androidx.navigation:navigation-common:2.3.0] AndroidManifest.xml:17:1-24:12
MERGED from [androidx.core:core:1.1.0] AndroidManifest.xml:17:1-26:12
MERGED from [androidx.cursoradapter:cursoradapter:1.0.0] AndroidManifest.xml:17:1-22:12
MERGED from [androidx.lifecycle:lifecycle-process:2.2.0] AndroidManifest.xml:17:1-32:12
MERGED from [androidx.lifecycle:lifecycle-service:2.2.0] AndroidManifest.xml:17:1-24:12
MERGED from [androidx.lifecycle:lifecycle-runtime:2.2.0] AndroidManifest.xml:17:1-24:12
MERGED from [androidx.lifecycle:lifecycle-livedata:2.2.0] AndroidManifest.xml:17:1-24:12
MERGED from [androidx.lifecycle:lifecycle-viewmodel-savedstate:2.2.0] AndroidManifest.xml:17:1-24:12
MERGED from [androidx.lifecycle:lifecycle-livedata-core:2.2.0] AndroidManifest.xml:17:1-24:12
MERGED from [androidx.arch.core:core-runtime:2.1.0] AndroidManifest.xml:17:1-24:12
MERGED from [androidx.savedstate:savedstate:1.0.0] AndroidManifest.xml:17:1-24:12
MERGED from [androidx.lifecycle:lifecycle-viewmodel:2.2.0] AndroidManifest.xml:17:1-24:12
MERGED from [androidx.localbroadcastmanager:localbroadcastmanager:1.0.0] AndroidManifest.xml:17:1-22:12
MERGED from [com.google.firebase:firebase-components:16.0.0] AndroidManifest.xml:15:1-23:12
MERGED from [androidx.versionedparcelable:versionedparcelable:1.1.0] AndroidManifest.xml:17:1-27:12
MERGED from [androidx.documentfile:documentfile:1.0.0] AndroidManifest.xml:17:1-22:12
MERGED from [androidx.print:print:1.0.0] AndroidManifest.xml:17:1-22:12
MERGED from [androidx.interpolator:interpolator:1.0.0] AndroidManifest.xml:17:1-22:12
INJECTED from src\main\AndroidManifest.xml:2:1-56:12
INJECTED from src\main\AndroidManifest.xml:2:1-56:12
INJECTED from src\main\AndroidManifest.xml:2:1-56:12
	package
		ADDED from src\main\AndroidManifest.xml:4:5-33
		INJECTED from src\main\AndroidManifest.xml
		INJECTED from src\main\AndroidManifest.xml
	android:versionName
		INJECTED from src\main\AndroidManifest.xml
		ADDED from src\main\AndroidManifest.xml:2:1-56:12
		INJECTED from src\main\AndroidManifest.xml
	xmlns:tools
		ADDED from src\main\AndroidManifest.xml:3:5-51
	android:versionCode
		INJECTED from src\main\AndroidManifest.xml
		ADDED from src\main\AndroidManifest.xml:2:1-56:12
		INJECTED from src\main\AndroidManifest.xml
	xmlns:android
		ADDED from src\main\AndroidManifest.xml:2:11-69
uses-permission#android.permission.PACKAGE_USAGE_STATS
ADDED from src\main\AndroidManifest.xml:6:5-8:47
	tools:ignore
		ADDED from src\main\AndroidManifest.xml:8:9-44
	android:name
		ADDED from src\main\AndroidManifest.xml:7:9-62
uses-permission#android.permission.INTERNET
ADDED from src\main\AndroidManifest.xml:9:5-67
MERGED from [com.google.firebase:firebase-database:19.3.1] AndroidManifest.xml:26:5-67
MERGED from [com.google.firebase:firebase-database:19.3.1] AndroidManifest.xml:26:5-67
MERGED from [com.google.android.gms:play-services-measurement:17.4.4] AndroidManifest.xml:23:5-67
MERGED from [com.google.android.gms:play-services-measurement:17.4.4] AndroidManifest.xml:23:5-67
MERGED from [com.google.android.gms:play-services-measurement-api:17.4.4] AndroidManifest.xml:22:5-67
MERGED from [com.google.android.gms:play-services-measurement-api:17.4.4] AndroidManifest.xml:22:5-67
MERGED from [com.google.android.gms:play-services-measurement-impl:17.4.4] AndroidManifest.xml:23:5-67
MERGED from [com.google.android.gms:play-services-measurement-impl:17.4.4] AndroidManifest.xml:23:5-67
MERGED from [com.google.firebase:firebase-installations:16.3.2] AndroidManifest.xml:11:5-67
MERGED from [com.google.firebase:firebase-installations:16.3.2] AndroidManifest.xml:11:5-67
MERGED from [com.google.android.gms:play-services-measurement-sdk-api:17.4.4] AndroidManifest.xml:23:5-67
MERGED from [com.google.android.gms:play-services-measurement-sdk-api:17.4.4] AndroidManifest.xml:23:5-67
	android:name
		ADDED from src\main\AndroidManifest.xml:9:22-64
uses-permission#android.permission.ACCESS_FINE_LOCATION
ADDED from src\main\AndroidManifest.xml:10:5-79
	android:name
		ADDED from src\main\AndroidManifest.xml:10:22-76
uses-permission#android.permission.SET_ALARM
ADDED from src\main\AndroidManifest.xml:11:5-67
	android:name
		ADDED from src\main\AndroidManifest.xml:11:22-65
application
ADDED from src\main\AndroidManifest.xml:13:5-54:19
MERGED from [com.google.android.material:material:1.1.0] AndroidManifest.xml:22:5-20
MERGED from [com.google.android.material:material:1.1.0] AndroidManifest.xml:22:5-20
MERGED from [androidx.constraintlayout:constraintlayout:1.1.3] AndroidManifest.xml:9:5-20
MERGED from [androidx.constraintlayout:constraintlayout:1.1.3] AndroidManifest.xml:9:5-20
MERGED from [androidx.lifecycle:lifecycle-extensions:2.2.0] AndroidManifest.xml:24:5-25:19
MERGED from [androidx.lifecycle:lifecycle-extensions:2.2.0] AndroidManifest.xml:24:5-25:19
MERGED from [com.google.firebase:firebase-analytics:17.4.4] AndroidManifest.xml:7:5-20
MERGED from [com.google.firebase:firebase-analytics:17.4.4] AndroidManifest.xml:7:5-20
MERGED from [com.google.firebase:firebase-auth:19.3.2] AndroidManifest.xml:23:5-40:19
MERGED from [com.google.firebase:firebase-auth:19.3.2] AndroidManifest.xml:23:5-40:19
MERGED from [com.google.firebase:firebase-database:19.3.1] AndroidManifest.xml:28:5-36:19
MERGED from [com.google.firebase:firebase-database:19.3.1] AndroidManifest.xml:28:5-36:19
MERGED from [com.google.android.gms:play-services-location:17.0.0] AndroidManifest.xml:7:5-20
MERGED from [com.google.android.gms:play-services-location:17.0.0] AndroidManifest.xml:7:5-20
MERGED from [com.google.android.gms:play-services-measurement:17.4.4] AndroidManifest.xml:28:5-44:19
MERGED from [com.google.android.gms:play-services-measurement:17.4.4] AndroidManifest.xml:28:5-44:19
MERGED from [com.google.android.gms:play-services-measurement-api:17.4.4] AndroidManifest.xml:26:5-34:19
MERGED from [com.google.android.gms:play-services-measurement-api:17.4.4] AndroidManifest.xml:26:5-34:19
MERGED from [com.google.android.gms:play-services-measurement-sdk:17.4.4] AndroidManifest.xml:22:5-23:19
MERGED from [com.google.android.gms:play-services-measurement-sdk:17.4.4] AndroidManifest.xml:22:5-23:19
MERGED from [com.google.android.gms:play-services-measurement-impl:17.4.4] AndroidManifest.xml:28:5-29:19
MERGED from [com.google.android.gms:play-services-measurement-impl:17.4.4] AndroidManifest.xml:28:5-29:19
MERGED from [com.google.android.gms:play-services-stats:17.0.0] AndroidManifest.xml:7:5-20
MERGED from [com.google.android.gms:play-services-stats:17.0.0] AndroidManifest.xml:7:5-20
MERGED from [com.google.firebase:firebase-auth-interop:19.0.0] AndroidManifest.xml:7:5-8:19
MERGED from [com.google.firebase:firebase-auth-interop:19.0.0] AndroidManifest.xml:7:5-8:19
MERGED from [com.google.android.gms:play-services-base:17.1.0] AndroidManifest.xml:22:5-27:19
MERGED from [com.google.android.gms:play-services-base:17.1.0] AndroidManifest.xml:22:5-27:19
MERGED from [com.google.firebase:firebase-installations:16.3.2] AndroidManifest.xml:13:5-21:19
MERGED from [com.google.firebase:firebase-installations:16.3.2] AndroidManifest.xml:13:5-21:19
MERGED from [com.google.firebase:firebase-common:19.3.0] AndroidManifest.xml:25:5-37:19
MERGED from [com.google.firebase:firebase-common:19.3.0] AndroidManifest.xml:25:5-37:19
MERGED from [com.google.android.gms:play-services-tasks:17.0.0] AndroidManifest.xml:7:5-20
MERGED from [com.google.android.gms:play-services-tasks:17.0.0] AndroidManifest.xml:7:5-20
MERGED from [com.google.android.gms:play-services-places-placereport:17.0.0] AndroidManifest.xml:22:5-20
MERGED from [com.google.android.gms:play-services-places-placereport:17.0.0] AndroidManifest.xml:22:5-20
MERGED from [com.google.android.gms:play-services-measurement-base:17.4.4] AndroidManifest.xml:7:5-20
MERGED from [com.google.android.gms:play-services-measurement-base:17.4.4] AndroidManifest.xml:7:5-20
MERGED from [com.google.android.gms:play-services-ads-identifier:17.0.0] AndroidManifest.xml:22:5-20
MERGED from [com.google.android.gms:play-services-ads-identifier:17.0.0] AndroidManifest.xml:22:5-20
MERGED from [com.google.firebase:firebase-measurement-connector:18.0.0] AndroidManifest.xml:22:5-23:19
MERGED from [com.google.firebase:firebase-measurement-connector:18.0.0] AndroidManifest.xml:22:5-23:19
MERGED from [com.google.android.gms:play-services-basement:17.0.0] AndroidManifest.xml:22:5-26:19
MERGED from [com.google.android.gms:play-services-basement:17.0.0] AndroidManifest.xml:22:5-26:19
MERGED from [androidx.core:core:1.1.0] AndroidManifest.xml:24:5-89
MERGED from [androidx.core:core:1.1.0] AndroidManifest.xml:24:5-89
MERGED from [androidx.lifecycle:lifecycle-process:2.2.0] AndroidManifest.xml:24:5-30:19
MERGED from [androidx.lifecycle:lifecycle-process:2.2.0] AndroidManifest.xml:24:5-30:19
MERGED from [androidx.versionedparcelable:versionedparcelable:1.1.0] AndroidManifest.xml:24:5-25:19
MERGED from [androidx.versionedparcelable:versionedparcelable:1.1.0] AndroidManifest.xml:24:5-25:19
	android:appComponentFactory
		ADDED from [androidx.core:core:1.1.0] AndroidManifest.xml:24:18-86
	android:supportsRtl
		ADDED from src\main\AndroidManifest.xml:18:9-35
	android:label
		ADDED from src\main\AndroidManifest.xml:17:9-31
	android:fullBackupContent
		ADDED from src\main\AndroidManifest.xml:15:9-41
	android:icon
		ADDED from src\main\AndroidManifest.xml:16:9-49
	android:allowBackup
		ADDED from src\main\AndroidManifest.xml:14:9-35
	android:theme
		ADDED from src\main\AndroidManifest.xml:19:9-40
activity#com.example.saturn.SettingsSaturn
ADDED from src\main\AndroidManifest.xml:20:9-61
	android:name
		ADDED from src\main\AndroidManifest.xml:20:19-49
activity#com.example.saturn.diaryaditya.view_diary
ADDED from src\main\AndroidManifest.xml:21:9-60
	android:name
		ADDED from src\main\AndroidManifest.xml:21:19-57
activity#com.example.saturn.diaryaditya.DiaryAdder
ADDED from src\main\AndroidManifest.xml:22:9-60
	android:name
		ADDED from src\main\AndroidManifest.xml:22:19-57
activity#com.example.saturn.diaryaditya.Dateselector
ADDED from src\main\AndroidManifest.xml:23:9-62
	android:name
		ADDED from src\main\AndroidManifest.xml:23:19-59
activity#com.example.saturn.Tasksdashboard
ADDED from src\main\AndroidManifest.xml:24:9-52
	android:name
		ADDED from src\main\AndroidManifest.xml:24:19-49
activity#com.example.saturn.prfacc.EditDetails
ADDED from src\main\AndroidManifest.xml:25:9-56
	android:name
		ADDED from src\main\AndroidManifest.xml:25:19-53
activity#com.example.saturn.prfacc.Profile
ADDED from src\main\AndroidManifest.xml:26:9-52
	android:name
		ADDED from src\main\AndroidManifest.xml:26:19-49
activity#com.example.saturn.About
ADDED from src\main\AndroidManifest.xml:27:9-43
	android:name
		ADDED from src\main\AndroidManifest.xml:27:19-40
activity#com.example.saturn.sctaps.Apps_select
ADDED from src\main\AndroidManifest.xml:28:9-56
	android:name
		ADDED from src\main\AndroidManifest.xml:28:19-53
activity#com.example.saturn.prfacc.Registration
ADDED from src\main\AndroidManifest.xml:29:9-57
	android:name
		ADDED from src\main\AndroidManifest.xml:29:19-54
activity#com.example.saturn.SplashActivity
ADDED from src\main\AndroidManifest.xml:30:9-52
	android:name
		ADDED from src\main\AndroidManifest.xml:30:19-49
activity#com.example.saturn.prfacc.MainActivity
ADDED from src\main\AndroidManifest.xml:31:9-57
	android:name
		ADDED from src\main\AndroidManifest.xml:31:19-54
activity#com.example.saturn.MainPage
ADDED from src\main\AndroidManifest.xml:32:9-34:38
	android:label
		ADDED from src\main\AndroidManifest.xml:34:13-35
	android:name
		ADDED from src\main\AndroidManifest.xml:33:13-37
activity#com.example.saturn.slider.WelcomeActivity
ADDED from src\main\AndroidManifest.xml:35:9-41:20
	android:name
		ADDED from src\main\AndroidManifest.xml:35:19-57
intent-filter#action:name:android.intent.action.MAIN+category:name:android.intent.category.LAUNCHER
ADDED from src\main\AndroidManifest.xml:36:13-40:29
action#android.intent.action.MAIN
ADDED from src\main\AndroidManifest.xml:37:17-69
	android:name
		ADDED from src\main\AndroidManifest.xml:37:25-66
category#android.intent.category.LAUNCHER
ADDED from src\main\AndroidManifest.xml:39:17-77
	android:name
		ADDED from src\main\AndroidManifest.xml:39:27-74
activity#com.example.saturn.prfacc.PassReset
ADDED from src\main\AndroidManifest.xml:42:9-54
	android:name
		ADDED from src\main\AndroidManifest.xml:42:19-51
activity#com.example.saturn.Appsdashboard
ADDED from src\main\AndroidManifest.xml:43:9-51
	android:name
		ADDED from src\main\AndroidManifest.xml:43:19-48
activity#com.example.saturn.appdatainfo.LoadAppsiconsnames
ADDED from src\main\AndroidManifest.xml:44:9-68
	android:name
		ADDED from src\main\AndroidManifest.xml:44:19-65
activity#com.example.saturn.appstatisticdetails.app_used_stats_info
ADDED from src\main\AndroidManifest.xml:45:9-77
	android:name
		ADDED from src\main\AndroidManifest.xml:45:19-74
activity#com.example.saturn.sctaps.App_select_show_data
ADDED from src\main\AndroidManifest.xml:46:9-65
	android:name
		ADDED from src\main\AndroidManifest.xml:46:19-62
activity#com.example.saturn.aditya.DataViewer
ADDED from src\main\AndroidManifest.xml:47:9-55
	android:name
		ADDED from src\main\AndroidManifest.xml:47:19-52
activity#com.example.saturn.aditya.taskadder
ADDED from src\main\AndroidManifest.xml:48:9-54
	android:name
		ADDED from src\main\AndroidManifest.xml:48:19-51
activity#com.example.saturn.aditya.taskviewer
ADDED from src\main\AndroidManifest.xml:49:9-55
	android:name
		ADDED from src\main\AndroidManifest.xml:49:19-52
receiver#com.example.saturn.sercofapp.MyDiaryService
ADDED from src\main\AndroidManifest.xml:50:9-61
	android:name
		ADDED from src\main\AndroidManifest.xml:50:19-59
receiver#com.example.saturn.sercofapp.MyAppsService
ADDED from src\main\AndroidManifest.xml:51:9-60
	android:name
		ADDED from src\main\AndroidManifest.xml:51:19-58
receiver#com.example.saturn.sercofapp.MyTasksService
ADDED from src\main\AndroidManifest.xml:52:9-61
	android:name
		ADDED from src\main\AndroidManifest.xml:52:19-59
receiver#com.example.saturn.sercofapp.Myallsaturnservices
ADDED from src\main\AndroidManifest.xml:53:9-66
	android:name
		ADDED from src\main\AndroidManifest.xml:53:19-64
uses-sdk
INJECTED from src\main\AndroidManifest.xml reason: use-sdk injection requested
INJECTED from src\main\AndroidManifest.xml
INJECTED from src\main\AndroidManifest.xml
MERGED from [com.google.android.material:material:1.1.0] AndroidManifest.xml:20:5-44
MERGED from [com.google.android.material:material:1.1.0] AndroidManifest.xml:20:5-44
MERGED from [androidx.appcompat:appcompat:1.1.0] AndroidManifest.xml:20:5-22:41
MERGED from [androidx.appcompat:appcompat:1.1.0] AndroidManifest.xml:20:5-22:41
MERGED from [androidx.constraintlayout:constraintlayout:1.1.3] AndroidManifest.xml:5:5-7:41
MERGED from [androidx.constraintlayout:constraintlayout:1.1.3] AndroidManifest.xml:5:5-7:41
MERGED from [androidx.legacy:legacy-support-v4:1.0.0] AndroidManifest.xml:20:5-44
MERGED from [androidx.legacy:legacy-support-v4:1.0.0] AndroidManifest.xml:20:5-44
MERGED from [androidx.navigation:navigation-fragment:2.3.0] AndroidManifest.xml:20:5-22:41
MERGED from [androidx.navigation:navigation-fragment:2.3.0] AndroidManifest.xml:20:5-22:41
MERGED from [androidx.lifecycle:lifecycle-extensions:2.2.0] AndroidManifest.xml:20:5-22:41
MERGED from [androidx.lifecycle:lifecycle-extensions:2.2.0] AndroidManifest.xml:20:5-22:41
MERGED from [androidx.cardview:cardview:1.0.0] AndroidManifest.xml:20:5-44
MERGED from [androidx.cardview:cardview:1.0.0] AndroidManifest.xml:20:5-44
MERGED from [com.google.firebase:firebase-analytics:17.4.4] AndroidManifest.xml:5:5-44
MERGED from [com.google.firebase:firebase-analytics:17.4.4] AndroidManifest.xml:5:5-44
MERGED from [com.google.firebase:firebase-auth:19.3.2] AndroidManifest.xml:21:5-44
MERGED from [com.google.firebase:firebase-auth:19.3.2] AndroidManifest.xml:21:5-44
MERGED from [com.google.firebase:firebase-database:19.3.1] AndroidManifest.xml:19:5-21:41
MERGED from [com.google.firebase:firebase-database:19.3.1] AndroidManifest.xml:19:5-21:41
MERGED from [com.google.android.gms:play-services-location:17.0.0] AndroidManifest.xml:5:5-44
MERGED from [com.google.android.gms:play-services-location:17.0.0] AndroidManifest.xml:5:5-44
MERGED from [androidx.appcompat:appcompat-resources:1.1.0] AndroidManifest.xml:20:5-22:41
MERGED from [androidx.appcompat:appcompat-resources:1.1.0] AndroidManifest.xml:20:5-22:41
MERGED from [androidx.legacy:legacy-support-core-ui:1.0.0] AndroidManifest.xml:20:5-44
MERGED from [androidx.legacy:legacy-support-core-ui:1.0.0] AndroidManifest.xml:20:5-44
MERGED from [androidx.drawerlayout:drawerlayout:1.0.0] AndroidManifest.xml:20:5-44
MERGED from [androidx.drawerlayout:drawerlayout:1.0.0] AndroidManifest.xml:20:5-44
MERGED from [androidx.media:media:1.0.0] AndroidManifest.xml:20:5-44
MERGED from [androidx.media:media:1.0.0] AndroidManifest.xml:20:5-44
MERGED from [com.google.android.gms:play-services-measurement:17.4.4] AndroidManifest.xml:20:5-44
MERGED from [com.google.android.gms:play-services-measurement:17.4.4] AndroidManifest.xml:20:5-44
MERGED from [com.google.android.gms:play-services-measurement-api:17.4.4] AndroidManifest.xml:20:5-44
MERGED from [com.google.android.gms:play-services-measurement-api:17.4.4] AndroidManifest.xml:20:5-44
MERGED from [com.google.android.gms:play-services-measurement-sdk:17.4.4] AndroidManifest.xml:20:5-44
MERGED from [com.google.android.gms:play-services-measurement-sdk:17.4.4] AndroidManifest.xml:20:5-44
MERGED from [com.google.android.gms:play-services-measurement-impl:17.4.4] AndroidManifest.xml:20:5-44
MERGED from [com.google.android.gms:play-services-measurement-impl:17.4.4] AndroidManifest.xml:20:5-44
MERGED from [com.google.android.gms:play-services-stats:17.0.0] AndroidManifest.xml:5:5-44
MERGED from [com.google.android.gms:play-services-stats:17.0.0] AndroidManifest.xml:5:5-44
MERGED from [androidx.legacy:legacy-support-core-utils:1.0.0] AndroidManifest.xml:20:5-44
MERGED from [androidx.legacy:legacy-support-core-utils:1.0.0] AndroidManifest.xml:20:5-44
MERGED from [androidx.coordinatorlayout:coordinatorlayout:1.1.0] AndroidManifest.xml:20:5-22:41
MERGED from [androidx.coordinatorlayout:coordinatorlayout:1.1.0] AndroidManifest.xml:20:5-22:41
MERGED from [androidx.transition:transition:1.2.0] AndroidManifest.xml:20:5-22:41
MERGED from [androidx.transition:transition:1.2.0] AndroidManifest.xml:20:5-22:41
MERGED from [androidx.vectordrawable:vectordrawable-animated:1.1.0] AndroidManifest.xml:20:5-22:41
MERGED from [androidx.vectordrawable:vectordrawable-animated:1.1.0] AndroidManifest.xml:20:5-22:41
MERGED from [androidx.vectordrawable:vectordrawable:1.1.0] AndroidManifest.xml:20:5-22:41
MERGED from [androidx.vectordrawable:vectordrawable:1.1.0] AndroidManifest.xml:20:5-22:41
MERGED from [androidx.viewpager2:viewpager2:1.0.0] AndroidManifest.xml:20:5-22:41
MERGED from [androidx.viewpager2:viewpager2:1.0.0] AndroidManifest.xml:20:5-22:41
MERGED from [com.google.firebase:firebase-auth-interop:19.0.0] AndroidManifest.xml:5:5-44
MERGED from [com.google.firebase:firebase-auth-interop:19.0.0] AndroidManifest.xml:5:5-44
MERGED from [com.google.firebase:firebase-database-collection:17.0.1] AndroidManifest.xml:5:5-7:41
MERGED from [com.google.firebase:firebase-database-collection:17.0.1] AndroidManifest.xml:5:5-7:41
MERGED from [com.google.android.gms:play-services-base:17.1.0] AndroidManifest.xml:20:5-44
MERGED from [com.google.android.gms:play-services-base:17.1.0] AndroidManifest.xml:20:5-44
MERGED from [com.google.firebase:firebase-installations:16.3.2] AndroidManifest.xml:6:5-8:41
MERGED from [com.google.firebase:firebase-installations:16.3.2] AndroidManifest.xml:6:5-8:41
MERGED from [com.google.firebase:firebase-common:19.3.0] AndroidManifest.xml:20:5-22:41
MERGED from [com.google.firebase:firebase-common:19.3.0] AndroidManifest.xml:20:5-22:41
MERGED from [com.google.firebase:firebase-installations-interop:16.0.0] AndroidManifest.xml:19:5-21:41
MERGED from [com.google.firebase:firebase-installations-interop:16.0.0] AndroidManifest.xml:19:5-21:41
MERGED from [com.google.android.gms:play-services-tasks:17.0.0] AndroidManifest.xml:5:5-44
MERGED from [com.google.android.gms:play-services-tasks:17.0.0] AndroidManifest.xml:5:5-44
MERGED from [com.google.android.gms:play-services-places-placereport:17.0.0] AndroidManifest.xml:20:5-44
MERGED from [com.google.android.gms:play-services-places-placereport:17.0.0] AndroidManifest.xml:20:5-44
MERGED from [com.google.android.gms:play-services-measurement-sdk-api:17.4.4] AndroidManifest.xml:20:5-44
MERGED from [com.google.android.gms:play-services-measurement-sdk-api:17.4.4] AndroidManifest.xml:20:5-44
MERGED from [com.google.android.gms:play-services-measurement-base:17.4.4] AndroidManifest.xml:5:5-44
MERGED from [com.google.android.gms:play-services-measurement-base:17.4.4] AndroidManifest.xml:5:5-44
MERGED from [com.google.android.gms:play-services-ads-identifier:17.0.0] AndroidManifest.xml:20:5-44
MERGED from [com.google.android.gms:play-services-ads-identifier:17.0.0] AndroidManifest.xml:20:5-44
MERGED from [com.google.firebase:firebase-measurement-connector:18.0.0] AndroidManifest.xml:20:5-44
MERGED from [com.google.firebase:firebase-measurement-connector:18.0.0] AndroidManifest.xml:20:5-44
MERGED from [com.google.android.gms:play-services-basement:17.0.0] AndroidManifest.xml:20:5-44
MERGED from [com.google.android.gms:play-services-basement:17.0.0] AndroidManifest.xml:20:5-44
MERGED from [androidx.fragment:fragment:1.2.4] AndroidManifest.xml:20:5-22:41
MERGED from [androidx.fragment:fragment:1.2.4] AndroidManifest.xml:20:5-22:41
MERGED from [androidx.viewpager:viewpager:1.0.0] AndroidManifest.xml:20:5-44
MERGED from [androidx.viewpager:viewpager:1.0.0] AndroidManifest.xml:20:5-44
MERGED from [androidx.slidingpanelayout:slidingpanelayout:1.0.0] AndroidManifest.xml:20:5-44
MERGED from [androidx.slidingpanelayout:slidingpanelayout:1.0.0] AndroidManifest.xml:20:5-44
MERGED from [androidx.recyclerview:recyclerview:1.1.0] AndroidManifest.xml:20:5-22:41
MERGED from [androidx.recyclerview:recyclerview:1.1.0] AndroidManifest.xml:20:5-22:41
MERGED from [androidx.customview:customview:1.0.0] AndroidManifest.xml:20:5-44
MERGED from [androidx.customview:customview:1.0.0] AndroidManifest.xml:20:5-44
MERGED from [androidx.loader:loader:1.0.0] AndroidManifest.xml:20:5-44
MERGED from [androidx.loader:loader:1.0.0] AndroidManifest.xml:20:5-44
MERGED from [androidx.swiperefreshlayout:swiperefreshlayout:1.0.0] AndroidManifest.xml:20:5-44
MERGED from [androidx.swiperefreshlayout:swiperefreshlayout:1.0.0] AndroidManifest.xml:20:5-44
MERGED from [androidx.asynclayoutinflater:asynclayoutinflater:1.0.0] AndroidManifest.xml:20:5-44
MERGED from [androidx.asynclayoutinflater:asynclayoutinflater:1.0.0] AndroidManifest.xml:20:5-44
MERGED from [androidx.navigation:navigation-runtime:2.3.0] AndroidManifest.xml:20:5-22:41
MERGED from [androidx.navigation:navigation-runtime:2.3.0] AndroidManifest.xml:20:5-22:41
MERGED from [androidx.activity:activity:1.1.0] AndroidManifest.xml:20:5-22:41
MERGED from [androidx.activity:activity:1.1.0] AndroidManifest.xml:20:5-22:41
MERGED from [androidx.navigation:navigation-common:2.3.0] AndroidManifest.xml:20:5-22:41
MERGED from [androidx.navigation:navigation-common:2.3.0] AndroidManifest.xml:20:5-22:41
MERGED from [androidx.core:core:1.1.0] AndroidManifest.xml:20:5-22:41
MERGED from [androidx.core:core:1.1.0] AndroidManifest.xml:20:5-22:41
MERGED from [androidx.cursoradapter:cursoradapter:1.0.0] AndroidManifest.xml:20:5-44
MERGED from [androidx.cursoradapter:cursoradapter:1.0.0] AndroidManifest.xml:20:5-44
MERGED from [androidx.lifecycle:lifecycle-process:2.2.0] AndroidManifest.xml:20:5-22:41
MERGED from [androidx.lifecycle:lifecycle-process:2.2.0] AndroidManifest.xml:20:5-22:41
MERGED from [androidx.lifecycle:lifecycle-service:2.2.0] AndroidManifest.xml:20:5-22:41
MERGED from [androidx.lifecycle:lifecycle-service:2.2.0] AndroidManifest.xml:20:5-22:41
MERGED from [androidx.lifecycle:lifecycle-runtime:2.2.0] AndroidManifest.xml:20:5-22:41
MERGED from [androidx.lifecycle:lifecycle-runtime:2.2.0] AndroidManifest.xml:20:5-22:41
MERGED from [androidx.lifecycle:lifecycle-livedata:2.2.0] AndroidManifest.xml:20:5-22:41
MERGED from [androidx.lifecycle:lifecycle-livedata:2.2.0] AndroidManifest.xml:20:5-22:41
MERGED from [androidx.lifecycle:lifecycle-viewmodel-savedstate:2.2.0] AndroidManifest.xml:20:5-22:41
MERGED from [androidx.lifecycle:lifecycle-viewmodel-savedstate:2.2.0] AndroidManifest.xml:20:5-22:41
MERGED from [androidx.lifecycle:lifecycle-livedata-core:2.2.0] AndroidManifest.xml:20:5-22:41
MERGED from [androidx.lifecycle:lifecycle-livedata-core:2.2.0] AndroidManifest.xml:20:5-22:41
MERGED from [androidx.arch.core:core-runtime:2.1.0] AndroidManifest.xml:20:5-22:41
MERGED from [androidx.arch.core:core-runtime:2.1.0] AndroidManifest.xml:20:5-22:41
MERGED from [androidx.savedstate:savedstate:1.0.0] AndroidManifest.xml:20:5-22:41
MERGED from [androidx.savedstate:savedstate:1.0.0] AndroidManifest.xml:20:5-22:41